<?xml version="1.0" encoding="UTF-8"?>
<testng-results ignored="1" total="2" passed="0" failed="1" skipped="0">
  <reporter-output>
  </reporter-output>
  <suite started-at="2026-08-06T22:36:11 IST" name="Default suite" finished-at="2026-08-06T22:36:12 IST" duration-ms="1349">
    <groups>
      <group name="regression">
        <method signature="UserTest.createUser_shouldReturnCreatedUser()[pri:0, instance:tests.UserTest@50de186c]" name="createUser_shouldReturnCreatedUser" class="tests.UserTest"/>
      </group> <!-- regression -->
      <group name="smoke">
        <method signature="UserTest.createUser_shouldReturnCreatedUser()[pri:0, instance:tests.UserTest@50de186c]" name="createUser_shouldReturnCreatedUser" class="tests.UserTest"/>
      </group> <!-- smoke -->
    </groups>
    <test started-at="2026-08-06T22:36:11 IST" name="Default test" finished-at="2026-08-06T22:36:12 IST" duration-ms="1349">
      <class name="tests.UserTest">
        <test-method is-config="true" signature="setup()[pri:0, instance:tests.UserTest@50de186c]" started-at="2026-08-06T22:36:11 IST" name="setup" finished-at="2026-08-06T22:36:11 IST" duration-ms="345" status="PASS">
          <reporter-output>
          </reporter-output>
        </test-method> <!-- setup -->
        <test-method is-config="true" signature="setupUserService()[pri:0, instance:tests.UserTest@50de186c]" started-at="2026-08-06T22:36:11 IST" name="setupUserService" description="Verify user can be retrieved by ID" finished-at="2026-08-06T22:36:11 IST" duration-ms="1" status="PASS">
          <reporter-output>
          </reporter-output>
        </test-method> <!-- setupUserService -->
        <test-method signature="createUser_shouldReturnCreatedUser()[pri:0, instance:tests.UserTest@50de186c]" started-at="2026-08-06T22:36:11 IST" name="createUser_shouldReturnCreatedUser" finished-at="2026-08-06T22:36:12 IST" duration-ms="972" status="FAIL">
          <exception class="java.lang.AssertionError">
            <message>
              <![CDATA[expected [201] but found [401]]]>
            </message>
            <full-stacktrace>
              <![CDATA[java.lang.AssertionError: expected [201] but found [401]
at org.testng.Assert.fail(Assert.java:111)
at org.testng.Assert.failNotEquals(Assert.java:1590)
at org.testng.Assert.assertEqualsImpl(Assert.java:150)
at org.testng.Assert.assertEquals(Assert.java:132)
at org.testng.Assert.assertEquals(Assert.java:1431)
at org.testng.Assert.assertEquals(Assert.java:1395)
at org.testng.Assert.assertEquals(Assert.java:1441)
at tests.UserTest.createUser_shouldReturnCreatedUser(UserTest.java:25)
at java.base/jdk.internal.reflect.DirectMethodHandleAccessor.invoke(DirectMethodHandleAccessor.java:103)
at java.base/java.lang.reflect.Method.invoke(Method.java:580)
at org.testng.internal.invokers.MethodInvocationHelper.invokeMethod(MethodInvocationHelper.java:141)
at org.testng.internal.invokers.TestInvoker.invokeMethod(TestInvoker.java:687)
at org.testng.internal.invokers.TestInvoker.invokeTestMethod(TestInvoker.java:230)
at org.testng.internal.invokers.MethodRunner.runInSequence(MethodRunner.java:63)
at org.testng.internal.invokers.TestInvoker$MethodInvocationAgent.invoke(TestInvoker.java:995)
at org.testng.internal.invokers.TestInvoker.invokeTestMethods(TestInvoker.java:203)
at org.testng.internal.invokers.TestMethodWorker.invokeTestMethods(TestMethodWorker.java:154)
at org.testng.internal.invokers.TestMethodWorker.run(TestMethodWorker.java:134)
at java.base/java.util.ArrayList.forEach(ArrayList.java:1596)
at org.testng.TestRunner.privateRun(TestRunner.java:741)
at org.testng.TestRunner.run(TestRunner.java:616)
at org.testng.SuiteRunner.runTest(SuiteRunner.java:421)
at org.testng.SuiteRunner.runSequentially(SuiteRunner.java:413)
at org.testng.SuiteRunner.privateRun(SuiteRunner.java:373)
at org.testng.SuiteRunner.run(SuiteRunner.java:312)
at org.testng.SuiteRunnerWorker.runSuite(SuiteRunnerWorker.java:52)
at org.testng.SuiteRunnerWorker.run(SuiteRunnerWorker.java:95)
at org.testng.TestNG.runSuitesSequentially(TestNG.java:1274)
at org.testng.TestNG.runSuitesLocally(TestNG.java:1208)
at org.testng.TestNG.runSuites(TestNG.java:1112)
at org.testng.TestNG.run(TestNG.java:1079)
at org.testng.remote.AbstractRemoteTestNG.run(AbstractRemoteTestNG.java:115)
at org.testng.remote.RemoteTestNG.initAndRun(RemoteTestNG.java:293)
at org.testng.remote.RemoteTestNG.main(RemoteTestNG.java:91)
]]>
            </full-stacktrace>
          </exception> <!-- java.lang.AssertionError -->
          <reporter-output>
          </reporter-output>
        </test-method> <!-- createUser_shouldReturnCreatedUser -->
      </class> <!-- tests.UserTest -->
    </test> <!-- Default test -->
  </suite> <!-- Default suite -->
</testng-results>
